  application.cpp
C:\Users\nicho\source\repos\WindowsProject1\WindowsProject1\application.cpp(116,92): warning C4244: 'argument': conversion from 'double' to 'FLOAT', possible loss of data
C:\Users\nicho\source\repos\WindowsProject1\WindowsProject1\application.cpp(116,77): warning C4244: 'argument': conversion from 'double' to 'FLOAT', possible loss of data
C:\Users\nicho\source\repos\WindowsProject1\WindowsProject1\application.cpp(116,61): warning C4244: 'argument': conversion from 'double' to 'FLOAT', possible loss of data
C:\Users\nicho\source\repos\WindowsProject1\WindowsProject1\application.cpp(116,46): warning C4244: 'argument': conversion from 'double' to 'FLOAT', possible loss of data
C:\Users\nicho\source\repos\WindowsProject1\WindowsProject1\application.cpp(129,14): warning C4244: 'initializing': conversion from 'double' to 'int', possible loss of data
C:\Users\nicho\source\repos\WindowsProject1\WindowsProject1\application.cpp(131,15): warning C4244: 'initializing': conversion from 'double' to 'int', possible loss of data
C:\Users\nicho\source\repos\WindowsProject1\WindowsProject1\application.cpp(139,60): warning C4244: 'argument': conversion from 'int' to 'FLOAT', possible loss of data
C:\Users\nicho\source\repos\WindowsProject1\WindowsProject1\application.cpp(139,45): warning C4244: 'argument': conversion from 'int' to 'FLOAT', possible loss of data
C:\Users\nicho\source\repos\WindowsProject1\WindowsProject1\application.cpp(139,108): warning C4244: 'argument': conversion from 'int' to 'FLOAT', possible loss of data
C:\Users\nicho\source\repos\WindowsProject1\WindowsProject1\application.cpp(139,90): warning C4244: 'argument': conversion from 'int' to 'FLOAT', possible loss of data
C:\Users\nicho\source\repos\WindowsProject1\WindowsProject1\application.cpp(140,60): warning C4244: 'argument': conversion from 'int' to 'FLOAT', possible loss of data
C:\Users\nicho\source\repos\WindowsProject1\WindowsProject1\application.cpp(140,45): warning C4244: 'argument': conversion from 'int' to 'FLOAT', possible loss of data
C:\Users\nicho\source\repos\WindowsProject1\WindowsProject1\application.cpp(140,116): warning C4244: 'argument': conversion from 'int' to 'FLOAT', possible loss of data
C:\Users\nicho\source\repos\WindowsProject1\WindowsProject1\application.cpp(140,93): warning C4244: 'argument': conversion from 'int' to 'FLOAT', possible loss of data
C:\Users\nicho\source\repos\WindowsProject1\WindowsProject1\application.cpp(151,92): warning C4244: 'argument': conversion from 'double' to 'FLOAT', possible loss of data
C:\Users\nicho\source\repos\WindowsProject1\WindowsProject1\application.cpp(151,77): warning C4244: 'argument': conversion from 'double' to 'FLOAT', possible loss of data
C:\Users\nicho\source\repos\WindowsProject1\WindowsProject1\application.cpp(151,61): warning C4244: 'argument': conversion from 'double' to 'FLOAT', possible loss of data
C:\Users\nicho\source\repos\WindowsProject1\WindowsProject1\application.cpp(151,46): warning C4244: 'argument': conversion from 'double' to 'FLOAT', possible loss of data
C:\Users\nicho\source\repos\WindowsProject1\WindowsProject1\application.cpp(188,168): warning C4267: 'argument': conversion from 'size_t' to 'UINT32', possible loss of data
C:\Users\nicho\source\repos\WindowsProject1\WindowsProject1\application.cpp(211,93): warning C4244: 'argument': conversion from 'double' to 'FLOAT', possible loss of data
C:\Users\nicho\source\repos\WindowsProject1\WindowsProject1\application.cpp(211,78): warning C4244: 'argument': conversion from 'double' to 'FLOAT', possible loss of data
C:\Users\nicho\source\repos\WindowsProject1\WindowsProject1\application.cpp(211,62): warning C4244: 'argument': conversion from 'double' to 'FLOAT', possible loss of data
C:\Users\nicho\source\repos\WindowsProject1\WindowsProject1\application.cpp(211,47): warning C4244: 'argument': conversion from 'double' to 'FLOAT', possible loss of data
C:\Users\nicho\source\repos\WindowsProject1\WindowsProject1\application.cpp(235,251): warning C4244: 'argument': conversion from 'int' to 'FLOAT', possible loss of data
C:\Users\nicho\source\repos\WindowsProject1\WindowsProject1\application.cpp(235,178): warning C4244: 'argument': conversion from 'double' to 'FLOAT', possible loss of data
C:\Users\nicho\source\repos\WindowsProject1\WindowsProject1\application.cpp(235,150): warning C4244: 'argument': conversion from 'int' to 'FLOAT', possible loss of data
C:\Users\nicho\source\repos\WindowsProject1\WindowsProject1\application.cpp(235,333): warning C4267: 'argument': conversion from 'size_t' to 'UINT32', possible loss of data
C:\Users\nicho\source\repos\WindowsProject1\WindowsProject1\application.cpp(238,204): warning C4244: 'argument': conversion from 'double' to 'FLOAT', possible loss of data
C:\Users\nicho\source\repos\WindowsProject1\WindowsProject1\application.cpp(238,175): warning C4244: 'argument': conversion from 'double' to 'FLOAT', possible loss of data
C:\Users\nicho\source\repos\WindowsProject1\WindowsProject1\application.cpp(238,132): warning C4244: 'argument': conversion from 'double' to 'FLOAT', possible loss of data
C:\Users\nicho\source\repos\WindowsProject1\WindowsProject1\application.cpp(238,286): warning C4267: 'argument': conversion from 'size_t' to 'UINT32', possible loss of data
C:\Users\nicho\source\repos\WindowsProject1\WindowsProject1\application.cpp(273,168): warning C4267: 'argument': conversion from 'size_t' to 'UINT32', possible loss of data
C:\Users\nicho\source\repos\WindowsProject1\WindowsProject1\application.cpp(278,125): warning C4244: 'argument': conversion from 'double' to 'FLOAT', possible loss of data
C:\Users\nicho\source\repos\WindowsProject1\WindowsProject1\application.cpp(278,95): warning C4244: 'argument': conversion from 'double' to 'FLOAT', possible loss of data
C:\Users\nicho\source\repos\WindowsProject1\WindowsProject1\application.cpp(278,209): warning C4267: 'argument': conversion from 'size_t' to 'UINT32', possible loss of data
C:\Users\nicho\source\repos\WindowsProject1\WindowsProject1\application.cpp(637,60): warning C4305: 'argument': truncation from 'double' to 'FLOAT'
  WindowsProject1.vcxproj -> C:\Users\nicho\source\repos\WindowsProject1\x64\Debug\WindowsProject1.exe
